{"C:\\Users\\jacks\\Documents\\recitation\\static\\s21-rw-circleci-demo\\models\\HelloWorld.js": {"path":"C:\\Users\\jacks\\Documents\\recitation\\static\\s21-rw-circleci-demo\\models\\HelloWorld.js","statementMap":{"0":{"start":{"line":1,"column":0},"end":{"line":3,"column":2}},"1":{"start":{"line":2,"column":1},"end":{"line":2,"column":17}}},"fnMap":{"0":{"name":"(anonymous_0)","decl":{"start":{"line":1,"column":23},"end":{"line":1,"column":24}},"loc":{"start":{"line":1,"column":29},"end":{"line":3,"column":1}},"line":1}},"branchMap":{},"s":{"0":1,"1":1},"f":{"0":1},"b":{},"_coverageSchema":"1a1c01bbd47fc00a2c39e90264f33305004495a9","hash":"0721486c2646bf3b9255fb9cf8ab49b7e74470f6"}
}
